The system is: Windows - 10.0.22621 - AMD64
Compiling the C compiler identification source file "CMakeCCompilerId.c" succeeded.
Compiler: C:/Program Files (x86)/Microsoft Visual Studio/2022/BuildTools/VC/Tools/MSVC/14.33.31629/bin/Hostx86/x86/cl.exe 
Build flags: 
Id flags:  

The output was:
0
Microsoft (R) C/C++ Optimizing Compiler Version 19.33.31630 for x86
Copyright (C) Microsoft Corporation.  All rights reserved.

CMakeCCompilerId.c
Microsoft (R) Incremental Linker Version 14.33.31630.0
Copyright (C) Microsoft Corporation.  All rights reserved.

/out:CMakeCCompilerId.exe 
CMakeCCompilerId.obj 


Compilation of the C compiler identification source "CMakeCCompilerId.c" produced "CMakeCCompilerId.exe"

Compilation of the C compiler identification source "CMakeCCompilerId.c" produced "CMakeCCompilerId.obj"

The C compiler identification is MSVC, found in "C:/Users/alist/OneDrive/Documents/Github/fifo_buffer/build/CMakeFiles/3.25.1/CompilerIdC/CMakeCCompilerId.exe"

Compiling the CXX compiler identification source file "CMakeCXXCompilerId.cpp" succeeded.
Compiler: C:/Program Files (x86)/Microsoft Visual Studio/2022/BuildTools/VC/Tools/MSVC/14.33.31629/bin/Hostx86/x86/cl.exe 
Build flags: 
Id flags:  

The output was:
0
Microsoft (R) C/C++ Optimizing Compiler Version 19.33.31630 for x86
Copyright (C) Microsoft Corporation.  All rights reserved.

CMakeCXXCompilerId.cpp
Microsoft (R) Incremental Linker Version 14.33.31630.0
Copyright (C) Microsoft Corporation.  All rights reserved.

/out:CMakeCXXCompilerId.exe 
CMakeCXXCompilerId.obj 


Compilation of the CXX compiler identification source "CMakeCXXCompilerId.cpp" produced "CMakeCXXCompilerId.exe"

Compilation of the CXX compiler identification source "CMakeCXXCompilerId.cpp" produced "CMakeCXXCompilerId.obj"

The CXX compiler identification is MSVC, found in "C:/Users/alist/OneDrive/Documents/Github/fifo_buffer/build/CMakeFiles/3.25.1/CompilerIdCXX/CMakeCXXCompilerId.exe"

Detecting C compiler ABI info compiled with the following output:
Change Dir: C:/Users/alist/OneDrive/Documents/Github/fifo_buffer/build/CMakeFiles/CMakeScratch/TryCompile-7jpw1o

Run Build Command(s):nmake -f Makefile /nologo cmTC_717e3\fast && 	"C:\Program Files (x86)\Microsoft Visual Studio\2022\BuildTools\VC\Tools\MSVC\14.33.31629\bin\HostX86\x86\nmake.exe"  -f CMakeFiles\cmTC_717e3.dir\build.make /nologo -L                  CMakeFiles\cmTC_717e3.dir\build
Building C object CMakeFiles/cmTC_717e3.dir/CMakeCCompilerABI.c.obj
	"C:\Program Files\CMake\bin\cmake.exe" -E cmake_cl_compile_depends --dep-file=CMakeFiles\cmTC_717e3.dir\CMakeCCompilerABI.c.obj.d --working-dir=C:\Users\alist\OneDrive\Documents\Github\fifo_buffer\build\CMakeFiles\CMakeScratch\TryCompile-7jpw1o --filter-prefix="Note: including file: " -- C:\PROGRA~2\MICROS~2\2022\BUILDT~1\VC\Tools\MSVC\1433~1.316\bin\Hostx86\x86\cl.exe @C:\Users\alist\AppData\Local\Temp\nmC163.tmp
CMakeCCompilerABI.c
Linking C executable cmTC_717e3.exe
	"C:\Program Files\CMake\bin\cmake.exe" -E vs_link_exe --intdir=CMakeFiles\cmTC_717e3.dir --rc=C:\PROGRA~2\WI3CF2~1\10\bin\100220~1.0\x86\rc.exe --mt=C:\PROGRA~2\WI3CF2~1\10\bin\100220~1.0\x86\mt.exe --manifests -- C:\PROGRA~2\MICROS~2\2022\BUILDT~1\VC\Tools\MSVC\1433~1.316\bin\Hostx86\x86\link.exe /nologo @CMakeFiles\cmTC_717e3.dir\objects1 @C:\Users\alist\AppData\Local\Temp\nmC1B2.tmp



Detecting CXX compiler ABI info compiled with the following output:
Change Dir: C:/Users/alist/OneDrive/Documents/Github/fifo_buffer/build/CMakeFiles/CMakeScratch/TryCompile-i2yxzu

Run Build Command(s):nmake -f Makefile /nologo cmTC_1640b\fast && 	"C:\Program Files (x86)\Microsoft Visual Studio\2022\BuildTools\VC\Tools\MSVC\14.33.31629\bin\HostX86\x86\nmake.exe"  -f CMakeFiles\cmTC_1640b.dir\build.make /nologo -L                  CMakeFiles\cmTC_1640b.dir\build
Building CXX object CMakeFiles/cmTC_1640b.dir/CMakeCXXCompilerABI.cpp.obj
	"C:\Program Files\CMake\bin\cmake.exe" -E cmake_cl_compile_depends --dep-file=CMakeFiles\cmTC_1640b.dir\CMakeCXXCompilerABI.cpp.obj.d --working-dir=C:\Users\alist\OneDrive\Documents\Github\fifo_buffer\build\CMakeFiles\CMakeScratch\TryCompile-i2yxzu --filter-prefix="Note: including file: " -- C:\PROGRA~2\MICROS~2\2022\BUILDT~1\VC\Tools\MSVC\1433~1.316\bin\Hostx86\x86\cl.exe @C:\Users\alist\AppData\Local\Temp\nmC357.tmp
CMakeCXXCompilerABI.cpp
Linking CXX executable cmTC_1640b.exe
	"C:\Program Files\CMake\bin\cmake.exe" -E vs_link_exe --intdir=CMakeFiles\cmTC_1640b.dir --rc=C:\PROGRA~2\WI3CF2~1\10\bin\100220~1.0\x86\rc.exe --mt=C:\PROGRA~2\WI3CF2~1\10\bin\100220~1.0\x86\mt.exe --manifests -- C:\PROGRA~2\MICROS~2\2022\BUILDT~1\VC\Tools\MSVC\1433~1.316\bin\Hostx86\x86\link.exe /nologo @CMakeFiles\cmTC_1640b.dir\objects1 @C:\Users\alist\AppData\Local\Temp\nmC3B6.tmp



